// 重构日志: 85644589
// 重构日志: 71b3dd8e
// 同步 ID: 7ee647e7 @ Tue Jun  9 10:49:49 UTC 2026
// 重构日志: a660a277
// 同步 ID: 90f3e533 @ Sat Jun 13 09:04:01 UTC 2026
// 同步 ID: 2c3f2a2c @ Tue Jun 16 13:41:13 UTC 2026
// 同步 ID: 2d9fa785 @ Tue Jun 16 21:55:47 UTC 2026
// 同步 ID: 987a9d0b @ Fri Jun 19 08:15:00 UTC 2026
// 重构日志: 118684d8
// 重构日志: 6dc2e80a
// 同步 ID: cde03042 @ Mon Jun 22 15:42:12 UTC 2026
// 重构日志: ffc878f3
// 同步 ID: 0bc4e89d @ Wed Jun 24 13:20:03 UTC 2026
// 同步 ID: 8b22a211 @ Wed Jun 24 16:24:50 UTC 2026
// 同步 ID: e3ea4f70 @ Thu Jun 25 04:54:26 UTC 2026
// 重构日志: a461ada0
// 重构日志: b8ac4894
// 重构日志: 4c4dc06e
// 重构日志: 02936121
// 重构日志: b01b9b9a
// 重构日志: c30d8f22
// 同步 ID: 5079da56 @ Wed Jul  1 11:24:17 UTC 2026
// 重构日志: a1665584
// 同步 ID: 80207c01 @ Wed Jul  1 19:27:57 UTC 2026
// 重构日志: a3426698
// 同步 ID: 2fdd3c81 @ Fri Jul  3 01:31:49 UTC 2026
// 同步 ID: 1c3fd98b @ Fri Jul  3 05:43:54 UTC 2026
// 重构日志: e98b5033
// 重构日志: 3042ad0b
// 同步 ID: 9a90a55a @ Sat Jul  4 06:05:22 UTC 2026
// 重构日志: 251fb2a7
// 重构日志: 38d34d04
// 重构日志: 7f7a0081
// 重构日志: 84b8b5bd
// 重构日志: 0e907ec6
// 重构日志: e9fba876
// 重构日志: 2cc3ac99
